This file contains any messages produced by compilers while
running configure, to aid debugging if configure makes a mistake.

It was created by unimrcp configure 1.4.0, which was
generated by GNU Autoconf 2.69.  Invocation command line was

  $ ./configure --prefix=/export/App/mrcp/run_server

## --------- ##
## Platform. ##
## --------- ##

hostname = A01-R04-I221-14.JD.LOCAL
uname -m = x86_64
uname -r = 3.10.0-327.28.3.el7.x86_64
uname -s = Linux
uname -v = #1 SMP Thu Aug 18 19:05:49 UTC 2016

/usr/bin/uname -p = x86_64
/bin/uname -X     = unknown

/bin/arch              = x86_64
/usr/bin/arch -k       = unknown
/usr/convex/getsysinfo = unknown
/usr/bin/hostinfo      = unknown
/bin/machine           = unknown
/usr/bin/oslevel       = unknown
/bin/universe          = unknown

PATH: /usr/local/jdk1.8.0_131/bin
PATH: /export/servers/jdk1.6.0_25/bin
PATH: /usr/local/sbin
PATH: /usr/local/bin
PATH: /usr/sbin
PATH: /usr/bin
PATH: /opt/ibutils/bin
PATH: /root/bin


## ----------- ##
## Core tests. ##
## ----------- ##

configure:4086: checking for chosen layout
configure:4088: result: classic
configure:4296: checking for a BSD-compatible install
configure:4364: result: /usr/bin/install -c
configure:4375: checking whether build environment is sane
configure:4430: result: yes
configure:4581: checking for a thread-safe mkdir -p
configure:4620: result: /usr/bin/mkdir -p
configure:4627: checking for gawk
configure:4643: found /usr/bin/gawk
configure:4654: result: gawk
configure:4665: checking whether make sets $(MAKE)
configure:4687: result: yes
configure:4716: checking whether make supports nested variables
configure:4733: result: yes
configure:4862: checking whether make supports nested variables
configure:4879: result: yes
configure:4946: checking for gcc
configure:4962: found /usr/bin/gcc
configure:4973: result: gcc
configure:5202: checking for C compiler version
configure:5211: gcc --version >&5
gcc (GCC) 4.8.5 20150623 (Red Hat 4.8.5-4)
Copyright (C) 2015 Free Software Foundation, Inc.
This is free software; see the source for copying conditions.  There is NO
warranty; not even for MERCHANTABILITY or FITNESS FOR A PARTICULAR PURPOSE.

configure:5222: $? = 0
configure:5211: gcc -v >&5
Using built-in specs.
COLLECT_GCC=gcc
COLLECT_LTO_WRAPPER=/usr/libexec/gcc/x86_64-redhat-linux/4.8.5/lto-wrapper
Target: x86_64-redhat-linux
Configured with: ../configure --prefix=/usr --mandir=/usr/share/man --infodir=/usr/share/info --with-bugurl=http://bugzilla.redhat.com/bugzilla --enable-bootstrap --enable-shared --enable-threads=posix --enable-checking=release --with-system-zlib --enable-__cxa_atexit --disable-libunwind-exceptions --enable-gnu-unique-object --enable-linker-build-id --with-linker-hash-style=gnu --enable-languages=c,c++,objc,obj-c++,java,fortran,ada,go,lto --enable-plugin --enable-initfini-array --disable-libgcj --with-isl=/builddir/build/BUILD/gcc-4.8.5-20150702/obj-x86_64-redhat-linux/isl-install --with-cloog=/builddir/build/BUILD/gcc-4.8.5-20150702/obj-x86_64-redhat-linux/cloog-install --enable-gnu-indirect-function --with-tune=generic --with-arch_32=x86-64 --build=x86_64-redhat-linux
Thread model: posix
gcc version 4.8.5 20150623 (Red Hat 4.8.5-4) (GCC) 
configure:5222: $? = 0
configure:5211: gcc -V >&5
gcc: error: unrecognized command line option '-V'
gcc: fatal error: no input files
compilation terminated.
configure:5222: $? = 4
configure:5211: gcc -qversion >&5
gcc: error: unrecognized command line option '-qversion'
gcc: fatal error: no input files
compilation terminated.
configure:5222: $? = 4
configure:5242: checking whether the C compiler works
configure:5264: gcc    conftest.c  >&5
configure:5268: $? = 0
configure:5316: result: yes
configure:5319: checking for C compiler default output file name
configure:5321: result: a.out
configure:5327: checking for suffix of executables
configure:5334: gcc -o conftest    conftest.c  >&5
configure:5338: $? = 0
configure:5360: result: 
configure:5382: checking whether we are cross compiling
configure:5390: gcc -o conftest    conftest.c  >&5
configure:5394: $? = 0
configure:5401: ./conftest
configure:5405: $? = 0
configure:5420: result: no
configure:5425: checking for suffix of object files
configure:5447: gcc -c   conftest.c >&5
configure:5451: $? = 0
configure:5472: result: o
configure:5476: checking whether we are using the GNU C compiler
configure:5495: gcc -c   conftest.c >&5
configure:5495: $? = 0
configure:5504: result: yes
configure:5513: checking whether gcc accepts -g
configure:5533: gcc -c -g  conftest.c >&5
configure:5533: $? = 0
configure:5574: result: yes
configure:5591: checking for gcc option to accept ISO C89
configure:5654: gcc  -c -g -O2  conftest.c >&5
configure:5654: $? = 0
configure:5667: result: none needed
configure:5692: checking whether gcc understands -c and -o together
configure:5714: gcc -c conftest.c -o conftest2.o
configure:5717: $? = 0
configure:5714: gcc -c conftest.c -o conftest2.o
configure:5717: $? = 0
configure:5729: result: yes
configure:5757: checking for style of include used by make
configure:5785: result: GNU
configure:5811: checking dependency style of gcc
configure:5922: result: gcc3
configure:5995: checking for g++
configure:6011: found /usr/bin/g++
configure:6022: result: g++
configure:6049: checking for C++ compiler version
configure:6058: g++ --version >&5
g++ (GCC) 4.8.5 20150623 (Red Hat 4.8.5-4)
Copyright (C) 2015 Free Software Foundation, Inc.
This is free software; see the source for copying conditions.  There is NO
warranty; not even for MERCHANTABILITY or FITNESS FOR A PARTICULAR PURPOSE.

configure:6069: $? = 0
configure:6058: g++ -v >&5
Using built-in specs.
COLLECT_GCC=g++
COLLECT_LTO_WRAPPER=/usr/libexec/gcc/x86_64-redhat-linux/4.8.5/lto-wrapper
Target: x86_64-redhat-linux
Configured with: ../configure --prefix=/usr --mandir=/usr/share/man --infodir=/usr/share/info --with-bugurl=http://bugzilla.redhat.com/bugzilla --enable-bootstrap --enable-shared --enable-threads=posix --enable-checking=release --with-system-zlib --enable-__cxa_atexit --disable-libunwind-exceptions --enable-gnu-unique-object --enable-linker-build-id --with-linker-hash-style=gnu --enable-languages=c,c++,objc,obj-c++,java,fortran,ada,go,lto --enable-plugin --enable-initfini-array --disable-libgcj --with-isl=/builddir/build/BUILD/gcc-4.8.5-20150702/obj-x86_64-redhat-linux/isl-install --with-cloog=/builddir/build/BUILD/gcc-4.8.5-20150702/obj-x86_64-redhat-linux/cloog-install --enable-gnu-indirect-function --with-tune=generic --with-arch_32=x86-64 --build=x86_64-redhat-linux
Thread model: posix
gcc version 4.8.5 20150623 (Red Hat 4.8.5-4) (GCC) 
configure:6069: $? = 0
configure:6058: g++ -V >&5
g++: error: unrecognized command line option '-V'
g++: fatal error: no input files
compilation terminated.
configure:6069: $? = 4
configure:6058: g++ -qversion >&5
g++: error: unrecognized command line option '-qversion'
g++: fatal error: no input files
compilation terminated.
configure:6069: $? = 4
configure:6073: checking whether we are using the GNU C++ compiler
configure:6092: g++ -c   conftest.cpp >&5
configure:6092: $? = 0
configure:6101: result: yes
configure:6110: checking whether g++ accepts -g
configure:6130: g++ -c -g  conftest.cpp >&5
configure:6130: $? = 0
configure:6171: result: yes
configure:6196: checking dependency style of g++
configure:6307: result: gcc3
configure:6356: checking build system type
configure:6370: result: x86_64-pc-linux-gnu
configure:6390: checking host system type
configure:6403: result: x86_64-pc-linux-gnu
configure:6444: checking how to print strings
configure:6471: result: printf
configure:6492: checking for a sed that does not truncate output
configure:6556: result: /usr/bin/sed
configure:6574: checking for grep that handles long lines and -e
configure:6632: result: /usr/bin/grep
configure:6637: checking for egrep
configure:6699: result: /usr/bin/grep -E
configure:6704: checking for fgrep
configure:6766: result: /usr/bin/grep -F
configure:6801: checking for ld used by gcc
configure:6868: result: /usr/bin/ld
configure:6875: checking if the linker (/usr/bin/ld) is GNU ld
configure:6890: result: yes
configure:6902: checking for BSD- or MS-compatible name lister (nm)
configure:6956: result: /usr/bin/nm -B
configure:7086: checking the name lister (/usr/bin/nm -B) interface
configure:7093: gcc -c -g -O2  conftest.c >&5
configure:7096: /usr/bin/nm -B "conftest.o"
configure:7099: output
0000000000000000 B some_variable
configure:7106: result: BSD nm
configure:7109: checking whether ln -s works
configure:7113: result: yes
configure:7121: checking the maximum length of command line arguments
configure:7252: result: 1966080
configure:7300: checking how to convert x86_64-pc-linux-gnu file names to x86_64-pc-linux-gnu format
configure:7340: result: func_convert_file_noop
configure:7347: checking how to convert x86_64-pc-linux-gnu file names to toolchain format
configure:7367: result: func_convert_file_noop
configure:7374: checking for /usr/bin/ld option to reload object files
configure:7381: result: -r
configure:7455: checking for objdump
configure:7471: found /usr/bin/objdump
configure:7482: result: objdump
configure:7514: checking how to recognize dependent libraries
configure:7714: result: pass_all
configure:7799: checking for dlltool
configure:7829: result: no
configure:7859: checking how to associate runtime and link libraries
configure:7886: result: printf %s\n
configure:7947: checking for ar
configure:7963: found /usr/bin/ar
configure:7974: result: ar
configure:8011: checking for archiver @FILE support
configure:8028: gcc -c -g -O2  conftest.c >&5
configure:8028: $? = 0
configure:8031: ar cru libconftest.a @conftest.lst >&5
configure:8034: $? = 0
configure:8039: ar cru libconftest.a @conftest.lst >&5
ar: conftest.o: No such file or directory
configure:8042: $? = 1
configure:8054: result: @
configure:8112: checking for strip
configure:8128: found /usr/bin/strip
configure:8139: result: strip
configure:8211: checking for ranlib
configure:8227: found /usr/bin/ranlib
configure:8238: result: ranlib
configure:8340: checking command to parse /usr/bin/nm -B output from gcc object
configure:8493: gcc -c -g -O2  conftest.c >&5
configure:8496: $? = 0
configure:8500: /usr/bin/nm -B conftest.o \| sed -n -e 's/^.*[ ]\([ABCDGIRSTW][ABCDGIRSTW]*\)[ ][ ]*\([_A-Za-z][_A-Za-z0-9]*\)$/\1 \2 \2/p' | sed '/ __gnu_lto/d' \> conftest.nm
configure:8503: $? = 0
configure:8569: gcc -o conftest -g -O2   conftest.c conftstm.o >&5
configure:8572: $? = 0
configure:8610: result: ok
configure:8657: checking for sysroot
configure:8687: result: no
configure:8694: checking for a working dd
configure:8732: result: /usr/bin/dd
configure:8736: checking how to truncate binary pipes
configure:8751: result: /usr/bin/dd bs=4096 count=1
configure:8887: gcc -c -g -O2  conftest.c >&5
configure:8890: $? = 0
configure:9080: checking for mt
configure:9110: result: no
configure:9130: checking if : is a manifest tool
configure:9136: : '-?'
configure:9144: result: no
configure:9821: checking how to run the C preprocessor
configure:9852: gcc -E  conftest.c
configure:9852: $? = 0
configure:9866: gcc -E  conftest.c
conftest.c:9:28: fatal error: ac_nonexistent.h: No such file or directory
 #include <ac_nonexistent.h>
                            ^
compilation terminated.
configure:9866: $? = 1
configure: failed program was:
| /* confdefs.h */
| #define PACKAGE_NAME "unimrcp"
| #define PACKAGE_TARNAME "unimrcp"
| #define PACKAGE_VERSION "1.4.0"
| #define PACKAGE_STRING "unimrcp 1.4.0"
| #define PACKAGE_BUGREPORT ""
| #define PACKAGE_URL ""
| /* end confdefs.h.  */
| #include <ac_nonexistent.h>
configure:9891: result: gcc -E
configure:9911: gcc -E  conftest.c
configure:9911: $? = 0
configure:9925: gcc -E  conftest.c
conftest.c:9:28: fatal error: ac_nonexistent.h: No such file or directory
 #include <ac_nonexistent.h>
                            ^
compilation terminated.
configure:9925: $? = 1
configure: failed program was:
| /* confdefs.h */
| #define PACKAGE_NAME "unimrcp"
| #define PACKAGE_TARNAME "unimrcp"
| #define PACKAGE_VERSION "1.4.0"
| #define PACKAGE_STRING "unimrcp 1.4.0"
| #define PACKAGE_BUGREPORT ""
| #define PACKAGE_URL ""
| /* end confdefs.h.  */
| #include <ac_nonexistent.h>
configure:9954: checking for ANSI C header files
configure:9974: gcc -c -g -O2  conftest.c >&5
configure:9974: $? = 0
configure:10047: gcc -o conftest -g -O2   conftest.c  >&5
configure:10047: $? = 0
configure:10047: ./conftest
configure:10047: $? = 0
configure:10058: result: yes
configure:10071: checking for sys/types.h
configure:10071: gcc -c -g -O2  conftest.c >&5
configure:10071: $? = 0
configure:10071: result: yes
configure:10071: checking for sys/stat.h
configure:10071: gcc -c -g -O2  conftest.c >&5
configure:10071: $? = 0
configure:10071: result: yes
configure:10071: checking for stdlib.h
configure:10071: gcc -c -g -O2  conftest.c >&5
configure:10071: $? = 0
configure:10071: result: yes
configure:10071: checking for string.h
configure:10071: gcc -c -g -O2  conftest.c >&5
configure:10071: $? = 0
configure:10071: result: yes
configure:10071: checking for memory.h
configure:10071: gcc -c -g -O2  conftest.c >&5
configure:10071: $? = 0
configure:10071: result: yes
configure:10071: checking for strings.h
configure:10071: gcc -c -g -O2  conftest.c >&5
configure:10071: $? = 0
configure:10071: result: yes
configure:10071: checking for inttypes.h
configure:10071: gcc -c -g -O2  conftest.c >&5
configure:10071: $? = 0
configure:10071: result: yes
configure:10071: checking for stdint.h
configure:10071: gcc -c -g -O2  conftest.c >&5
configure:10071: $? = 0
configure:10071: result: yes
configure:10071: checking for unistd.h
configure:10071: gcc -c -g -O2  conftest.c >&5
configure:10071: $? = 0
configure:10071: result: yes
configure:10085: checking for dlfcn.h
configure:10085: gcc -c -g -O2  conftest.c >&5
configure:10085: $? = 0
configure:10085: result: yes
configure:10352: checking for objdir
configure:10367: result: .libs
configure:10631: checking if gcc supports -fno-rtti -fno-exceptions
configure:10649: gcc -c -g -O2  -fno-rtti -fno-exceptions conftest.c >&5
cc1: warning: command line option '-fno-rtti' is valid for C++/ObjC++ but not for C [enabled by default]
configure:10653: $? = 0
configure:10666: result: no
configure:11024: checking for gcc option to produce PIC
configure:11031: result: -fPIC -DPIC
configure:11039: checking if gcc PIC flag -fPIC -DPIC works
configure:11057: gcc -c -g -O2  -fPIC -DPIC -DPIC conftest.c >&5
configure:11061: $? = 0
configure:11074: result: yes
configure:11103: checking if gcc static flag -static works
configure:11131: result: no
configure:11146: checking if gcc supports -c -o file.o
configure:11167: gcc -c -g -O2  -o out/conftest2.o conftest.c >&5
configure:11171: $? = 0
configure:11193: result: yes
configure:11201: checking if gcc supports -c -o file.o
configure:11248: result: yes
configure:11281: checking whether the gcc linker (/usr/bin/ld -m elf_x86_64) supports shared libraries
configure:12544: result: yes
configure:12581: checking whether -lc should be explicitly linked in
configure:12589: gcc -c -g -O2  conftest.c >&5
configure:12592: $? = 0
configure:12607: gcc -shared  -fPIC -DPIC conftest.o  -v -Wl,-soname -Wl,conftest -o conftest 2\>\&1 \| /usr/bin/grep  -lc  \>/dev/null 2\>\&1
configure:12610: $? = 0
configure:12624: result: no
configure:12784: checking dynamic linker characteristics
configure:13365: gcc -o conftest -g -O2   -Wl,-rpath -Wl,/foo conftest.c  >&5
configure:13365: $? = 0
configure:13614: result: GNU/Linux ld.so
configure:13736: checking how to hardcode library paths into programs
configure:13761: result: immediate
configure:14309: checking whether stripping libraries is possible
configure:14314: result: yes
configure:14349: checking if libtool supports shared libraries
configure:14351: result: yes
configure:14354: checking whether to build shared libraries
configure:14379: result: yes
configure:14382: checking whether to build static libraries
configure:14386: result: yes
configure:14409: checking how to run the C++ preprocessor
configure:14436: g++ -E  conftest.cpp
configure:14436: $? = 0
configure:14450: g++ -E  conftest.cpp
conftest.cpp:21:28: fatal error: ac_nonexistent.h: No such file or directory
 #include <ac_nonexistent.h>
                            ^
compilation terminated.
configure:14450: $? = 1
configure: failed program was:
| /* confdefs.h */
| #define PACKAGE_NAME "unimrcp"
| #define PACKAGE_TARNAME "unimrcp"
| #define PACKAGE_VERSION "1.4.0"
| #define PACKAGE_STRING "unimrcp 1.4.0"
| #define PACKAGE_BUGREPORT ""
| #define PACKAGE_URL ""
| #define STDC_HEADERS 1
| #define HAVE_SYS_TYPES_H 1
| #define HAVE_SYS_STAT_H 1
| #define HAVE_STDLIB_H 1
| #define HAVE_STRING_H 1
| #define HAVE_MEMORY_H 1
| #define HAVE_STRINGS_H 1
| #define HAVE_INTTYPES_H 1
| #define HAVE_STDINT_H 1
| #define HAVE_UNISTD_H 1
| #define HAVE_DLFCN_H 1
| #define LT_OBJDIR ".libs/"
| /* end confdefs.h.  */
| #include <ac_nonexistent.h>
configure:14475: result: g++ -E
configure:14495: g++ -E  conftest.cpp
configure:14495: $? = 0
configure:14509: g++ -E  conftest.cpp
conftest.cpp:21:28: fatal error: ac_nonexistent.h: No such file or directory
 #include <ac_nonexistent.h>
                            ^
compilation terminated.
configure:14509: $? = 1
configure: failed program was:
| /* confdefs.h */
| #define PACKAGE_NAME "unimrcp"
| #define PACKAGE_TARNAME "unimrcp"
| #define PACKAGE_VERSION "1.4.0"
| #define PACKAGE_STRING "unimrcp 1.4.0"
| #define PACKAGE_BUGREPORT ""
| #define PACKAGE_URL ""
| #define STDC_HEADERS 1
| #define HAVE_SYS_TYPES_H 1
| #define HAVE_SYS_STAT_H 1
| #define HAVE_STDLIB_H 1
| #define HAVE_STRING_H 1
| #define HAVE_MEMORY_H 1
| #define HAVE_STRINGS_H 1
| #define HAVE_INTTYPES_H 1
| #define HAVE_STDINT_H 1
| #define HAVE_UNISTD_H 1
| #define HAVE_DLFCN_H 1
| #define LT_OBJDIR ".libs/"
| /* end confdefs.h.  */
| #include <ac_nonexistent.h>
configure:14671: checking for ld used by g++
configure:14738: result: /usr/bin/ld -m elf_x86_64
configure:14745: checking if the linker (/usr/bin/ld -m elf_x86_64) is GNU ld
configure:14760: result: yes
configure:14815: checking whether the g++ linker (/usr/bin/ld -m elf_x86_64) supports shared libraries
configure:15888: result: yes
configure:15924: g++ -c -g -O2  conftest.cpp >&5
configure:15927: $? = 0
configure:16408: checking for g++ option to produce PIC
configure:16415: result: -fPIC -DPIC
configure:16423: checking if g++ PIC flag -fPIC -DPIC works
configure:16441: g++ -c -g -O2  -fPIC -DPIC -DPIC conftest.cpp >&5
configure:16445: $? = 0
configure:16458: result: yes
configure:16481: checking if g++ static flag -static works
configure:16509: result: no
configure:16521: checking if g++ supports -c -o file.o
configure:16542: g++ -c -g -O2  -o out/conftest2.o conftest.cpp >&5
configure:16546: $? = 0
configure:16568: result: yes
configure:16573: checking if g++ supports -c -o file.o
configure:16620: result: yes
configure:16650: checking whether the g++ linker (/usr/bin/ld -m elf_x86_64) supports shared libraries
configure:16693: result: yes
configure:16834: checking dynamic linker characteristics
configure:17591: result: GNU/Linux ld.so
configure:17656: checking how to hardcode library paths into programs
configure:17681: result: immediate
configure:17746: checking for C compiler vendor
configure:17790: gcc -c -g -O2  conftest.c >&5
conftest.c: In function 'main':
conftest.c:8:9: error: 'thisisanerror' undeclared (first use in this function)
         thisisanerror;
         ^
conftest.c:8:9: note: each undeclared identifier is reported only once for each function it appears in
configure:17790: $? = 1
configure: failed program was:
| /* end confdefs.h.  */
| 
| int
| main ()
| {
| 
|       #if !(defined(__ICC) || defined(__ECC) || defined(__INTEL_COMPILER))
|         thisisanerror;
|       #endif
| 
|   ;
|   return 0;
| }
configure:17790: gcc -c -g -O2  conftest.c >&5
conftest.c: In function 'main':
conftest.c:8:9: error: 'thisisanerror' undeclared (first use in this function)
         thisisanerror;
         ^
conftest.c:8:9: note: each undeclared identifier is reported only once for each function it appears in
configure:17790: $? = 1
configure: failed program was:
| /* end confdefs.h.  */
| 
| int
| main ()
| {
| 
|       #if !(defined(__xlc__) || defined(__xlC__) || defined(__IBMC__) || defined(__IBMCPP__))
|         thisisanerror;
|       #endif
| 
|   ;
|   return 0;
| }
configure:17790: gcc -c -g -O2  conftest.c >&5
conftest.c: In function 'main':
conftest.c:8:9: error: 'thisisanerror' undeclared (first use in this function)
         thisisanerror;
         ^
conftest.c:8:9: note: each undeclared identifier is reported only once for each function it appears in
configure:17790: $? = 1
configure: failed program was:
| /* end confdefs.h.  */
| 
| int
| main ()
| {
| 
|       #if !(defined(__PATHCC__) || defined(__PATHSCALE__))
|         thisisanerror;
|       #endif
| 
|   ;
|   return 0;
| }
configure:17790: gcc -c -g -O2  conftest.c >&5
conftest.c: In function 'main':
conftest.c:8:9: error: 'thisisanerror' undeclared (first use in this function)
         thisisanerror;
         ^
conftest.c:8:9: note: each undeclared identifier is reported only once for each function it appears in
configure:17790: $? = 1
configure: failed program was:
| /* end confdefs.h.  */
| 
| int
| main ()
| {
| 
|       #if !(defined(__clang__))
|         thisisanerror;
|       #endif
| 
|   ;
|   return 0;
| }
configure:17790: gcc -c -g -O2  conftest.c >&5
configure:17790: $? = 0
configure:17798: result: gnu
configure:17804: checking for pkg-config
configure:17822: found /usr/bin/pkg-config
configure:17835: result: /usr/bin/pkg-config
configure:17861: Apache Portable Runtime (APR) library configuration
configure:17889: checking for APR
configure:17965: result: yes
configure:17986: result: 1.5.2
configure:18096: Apache Portable Runtime Utility (APU) library configuration
configure:18124: checking for APR-util
configure:18200: result: yes
configure:18221: result: 1.5.4
configure:18293: Sofia SIP library configuration
configure:18296: checking for Sofia-SIP
configure:18352: result: yes
configure:18354: result: 1.12.11-227-g73efc97
configure:18376: enable inter-library dependencies: yes
configure:18394: enable maintainer mode: no
configure:18804: checking that generated files are newer than configure
configure:18810: result: done
configure:18889: creating ./config.status

## ---------------------- ##
## Running config.status. ##
## ---------------------- ##

This file was extended by unimrcp config.status 1.4.0, which was
generated by GNU Autoconf 2.69.  Invocation command line was

  CONFIG_FILES    = 
  CONFIG_HEADERS  = 
  CONFIG_LINKS    = 
  CONFIG_COMMANDS = 
  $ ./config.status 

on A01-R04-I221-14.JD.LOCAL

config.status:1145: creating Makefile
config.status:1145: creating libs/Makefile
config.status:1145: creating libs/apr-toolkit/Makefile
config.status:1145: creating libs/mpf/Makefile
config.status:1145: creating libs/mrcp/Makefile
config.status:1145: creating libs/mrcp-signaling/Makefile
config.status:1145: creating libs/mrcpv2-transport/Makefile
config.status:1145: creating libs/mrcp-engine/Makefile
config.status:1145: creating libs/mrcp-server/Makefile
config.status:1145: creating libs/mrcp-client/Makefile
config.status:1145: creating libs/uni-rtsp/Makefile
config.status:1145: creating modules/Makefile
config.status:1145: creating modules/mrcp-sofiasip/Makefile
config.status:1145: creating modules/mrcp-unirtsp/Makefile
config.status:1145: creating plugins/Makefile
config.status:1145: creating plugins/mrcp-recorder/Makefile
config.status:1145: creating plugins/demo-synth/Makefile
config.status:1145: creating plugins/demo-recog/Makefile
config.status:1145: creating plugins/demo-verifier/Makefile
config.status:1145: creating platforms/Makefile
config.status:1145: creating platforms/libunimrcp-server/Makefile
config.status:1145: creating platforms/libunimrcp-client/Makefile
config.status:1145: creating platforms/unimrcp-server/Makefile
config.status:1145: creating platforms/unimrcp-client/Makefile
config.status:1145: creating platforms/libasr-client/Makefile
config.status:1145: creating platforms/asr-client/Makefile
config.status:1145: creating platforms/umc/Makefile
config.status:1145: creating tests/Makefile
config.status:1145: creating tests/apttest/Makefile
config.status:1145: creating tests/mpftest/Makefile
config.status:1145: creating tests/mrcptest/Makefile
config.status:1145: creating tests/rtsptest/Makefile
config.status:1145: creating tests/strtablegen/Makefile
config.status:1145: creating build/Makefile
config.status:1145: creating build/pkgconfig/Makefile
config.status:1145: creating build/pkgconfig/unimrcpclient.pc
config.status:1145: creating build/pkgconfig/unimrcpserver.pc
config.status:1145: creating build/pkgconfig/unimrcpplugin.pc
config.status:1145: creating conf/Makefile
config.status:1145: creating data/Makefile
config.status:1145: creating docs/doxygen.conf
config.status:1317: executing depfiles commands
config.status:1317: executing libtool commands

## ---------------- ##
## Cache variables. ##
## ---------------- ##

ac_cv_build=x86_64-pc-linux-gnu
ac_cv_c_compiler_gnu=yes
ac_cv_cxx_compiler_gnu=yes
ac_cv_env_CCC_set=
ac_cv_env_CCC_value=
ac_cv_env_CC_set=
ac_cv_env_CC_value=
ac_cv_env_CFLAGS_set=
ac_cv_env_CFLAGS_value=
ac_cv_env_CPPFLAGS_set=
ac_cv_env_CPPFLAGS_value=
ac_cv_env_CPP_set=
ac_cv_env_CPP_value=
ac_cv_env_CXXCPP_set=
ac_cv_env_CXXCPP_value=
ac_cv_env_CXXFLAGS_set=
ac_cv_env_CXXFLAGS_value=
ac_cv_env_CXX_set=
ac_cv_env_CXX_value=
ac_cv_env_LDFLAGS_set=
ac_cv_env_LDFLAGS_value=
ac_cv_env_LIBS_set=
ac_cv_env_LIBS_value=
ac_cv_env_LT_SYS_LIBRARY_PATH_set=
ac_cv_env_LT_SYS_LIBRARY_PATH_value=
ac_cv_env_build_alias_set=
ac_cv_env_build_alias_value=
ac_cv_env_host_alias_set=
ac_cv_env_host_alias_value=
ac_cv_env_target_alias_set=
ac_cv_env_target_alias_value=
ac_cv_header_dlfcn_h=yes
ac_cv_header_inttypes_h=yes
ac_cv_header_memory_h=yes
ac_cv_header_stdc=yes
ac_cv_header_stdint_h=yes
ac_cv_header_stdlib_h=yes
ac_cv_header_string_h=yes
ac_cv_header_strings_h=yes
ac_cv_header_sys_stat_h=yes
ac_cv_header_sys_types_h=yes
ac_cv_header_unistd_h=yes
ac_cv_host=x86_64-pc-linux-gnu
ac_cv_objext=o
ac_cv_path_EGREP='/usr/bin/grep -E'
ac_cv_path_FGREP='/usr/bin/grep -F'
ac_cv_path_GREP=/usr/bin/grep
ac_cv_path_PKG_CONFIG=/usr/bin/pkg-config
ac_cv_path_SED=/usr/bin/sed
ac_cv_path_install='/usr/bin/install -c'
ac_cv_path_lt_DD=/usr/bin/dd
ac_cv_path_mkdir=/usr/bin/mkdir
ac_cv_prog_AWK=gawk
ac_cv_prog_CPP='gcc -E'
ac_cv_prog_CXXCPP='g++ -E'
ac_cv_prog_ac_ct_AR=ar
ac_cv_prog_ac_ct_CC=gcc
ac_cv_prog_ac_ct_CXX=g++
ac_cv_prog_ac_ct_OBJDUMP=objdump
ac_cv_prog_ac_ct_RANLIB=ranlib
ac_cv_prog_ac_ct_STRIP=strip
ac_cv_prog_cc_c89=
ac_cv_prog_cc_g=yes
ac_cv_prog_cxx_g=yes
ac_cv_prog_make_make_set=yes
am_cv_CC_dependencies_compiler_type=gcc3
am_cv_CXX_dependencies_compiler_type=gcc3
am_cv_make_support_nested_variables=yes
am_cv_prog_cc_c_o=yes
ax_cv_c_compiler_vendor=gnu
lt_cv_ar_at_file=@
lt_cv_archive_cmds_need_lc=no
lt_cv_deplibs_check_method=pass_all
lt_cv_file_magic_cmd='$MAGIC_CMD'
lt_cv_file_magic_test_file=
lt_cv_ld_reload_flag=-r
lt_cv_nm_interface='BSD nm'
lt_cv_objdir=.libs
lt_cv_path_LD=/usr/bin/ld
lt_cv_path_LDCXX='/usr/bin/ld -m elf_x86_64'
lt_cv_path_NM='/usr/bin/nm -B'
lt_cv_path_mainfest_tool=no
lt_cv_prog_compiler_c_o=yes
lt_cv_prog_compiler_c_o_CXX=yes
lt_cv_prog_compiler_pic='-fPIC -DPIC'
lt_cv_prog_compiler_pic_CXX='-fPIC -DPIC'
lt_cv_prog_compiler_pic_works=yes
lt_cv_prog_compiler_pic_works_CXX=yes
lt_cv_prog_compiler_rtti_exceptions=no
lt_cv_prog_compiler_static_works=no
lt_cv_prog_compiler_static_works_CXX=no
lt_cv_prog_gnu_ld=yes
lt_cv_prog_gnu_ldcxx=yes
lt_cv_sharedlib_from_linklib_cmd='printf %s\n'
lt_cv_shlibpath_overrides_runpath=no
lt_cv_sys_global_symbol_pipe='sed -n -e '\''s/^.*[	 ]\([ABCDGIRSTW][ABCDGIRSTW]*\)[	 ][	 ]*\([_A-Za-z][_A-Za-z0-9]*\)$/\1 \2 \2/p'\'' | sed '\''/ __gnu_lto/d'\'''
lt_cv_sys_global_symbol_to_c_name_address='sed -n -e '\''s/^: \(.*\) .*$/  {"\1", (void *) 0},/p'\'' -e '\''s/^[ABCDGIRSTW][ABCDGIRSTW]* .* \(.*\)$/  {"\1", (void *) \&\1},/p'\'''
lt_cv_sys_global_symbol_to_c_name_address_lib_prefix='sed -n -e '\''s/^: \(.*\) .*$/  {"\1", (void *) 0},/p'\'' -e '\''s/^[ABCDGIRSTW][ABCDGIRSTW]* .* \(lib.*\)$/  {"\1", (void *) \&\1},/p'\'' -e '\''s/^[ABCDGIRSTW][ABCDGIRSTW]* .* \(.*\)$/  {"lib\1", (void *) \&\1},/p'\'''
lt_cv_sys_global_symbol_to_cdecl='sed -n -e '\''s/^T .* \(.*\)$/extern int \1();/p'\'' -e '\''s/^[ABCDGIRSTW][ABCDGIRSTW]* .* \(.*\)$/extern char \1;/p'\'''
lt_cv_sys_global_symbol_to_import=
lt_cv_sys_max_cmd_len=1966080
lt_cv_to_host_file_cmd=func_convert_file_noop
lt_cv_to_tool_file_cmd=func_convert_file_noop
lt_cv_truncate_bin='/usr/bin/dd bs=4096 count=1'

## ----------------- ##
## Output variables. ##
## ----------------- ##

ACLOCAL='${SHELL} /export/App/mrcp/unimrcp/build/missing aclocal-1.15'
AMDEPBACKSLASH='\'
AMDEP_FALSE='#'
AMDEP_TRUE=''
AMTAR='$${TAR-tar}'
AM_BACKSLASH='\'
AM_DEFAULT_V='$(AM_DEFAULT_VERBOSITY)'
AM_DEFAULT_VERBOSITY='0'
AM_V='$(V)'
AR='ar'
ASR_CLIENT_FALSE='#'
ASR_CLIENT_TRUE=''
AUTOCONF='${SHELL} /export/App/mrcp/unimrcp/build/missing autoconf'
AUTOHEADER='${SHELL} /export/App/mrcp/unimrcp/build/missing autoheader'
AUTOMAKE='${SHELL} /export/App/mrcp/unimrcp/build/missing automake-1.15'
AWK='gawk'
CC='gcc'
CCDEPMODE='depmode=gcc3'
CFLAGS='-g -O2 -pthread'
COMMON_CLIENT_DATA_FALSE='#'
COMMON_CLIENT_DATA_TRUE=''
CPP='gcc -E'
CPPFLAGS=' -DLINUX -D_REENTRANT -D_GNU_SOURCE'
CXX='g++'
CXXCPP='g++ -E'
CXXDEPMODE='depmode=gcc3'
CXXFLAGS='-g -O2'
CYGPATH_W='echo'
DEFS=''
DEMORECOG_PLUGIN_FALSE='#'
DEMORECOG_PLUGIN_TRUE=''
DEMOSYNTH_PLUGIN_FALSE='#'
DEMOSYNTH_PLUGIN_TRUE=''
DEMOVERIFIER_PLUGIN_FALSE='#'
DEMOVERIFIER_PLUGIN_TRUE=''
DEPDIR='.deps'
DLLTOOL='false'
DSYMUTIL=''
DUMPBIN=''
ECHO_C=''
ECHO_N='-n'
ECHO_T=''
EGREP='/usr/bin/grep -E'
EXEEXT=''
FGREP='/usr/bin/grep -F'
GREP='/usr/bin/grep'
INSTALL_DATA='${INSTALL} -m 644'
INSTALL_PROGRAM='${INSTALL}'
INSTALL_SCRIPT='${INSTALL}'
INSTALL_STRIP_PROGRAM='$(install_sh) -c -s'
ISMAC_FALSE=''
ISMAC_TRUE='#'
LD='/usr/bin/ld -m elf_x86_64'
LDFLAGS=' '
LIBOBJS=''
LIBS=''
LIBTOOL='$(SHELL) $(top_builddir)/libtool'
LIPO=''
LN_S='ln -s'
LTLIBOBJS=''
LT_SYS_LIBRARY_PATH=''
MAKEINFO='${SHELL} /export/App/mrcp/unimrcp/build/missing makeinfo'
MANIFEST_TOOL=':'
MKDIR_P='/usr/bin/mkdir -p'
NM='/usr/bin/nm -B'
NMEDIT=''
OBJDUMP='objdump'
OBJEXT='o'
OTOOL64=''
OTOOL=''
PACKAGE='unimrcp'
PACKAGE_BUGREPORT=''
PACKAGE_NAME='unimrcp'
PACKAGE_STRING='unimrcp 1.4.0'
PACKAGE_TARNAME='unimrcp'
PACKAGE_URL=''
PACKAGE_VERSION='1.4.0'
PATH_SEPARATOR=':'
PKG_CONFIG='/usr/bin/pkg-config'
PLUGIN_LT_VERSION='-version-info 4:0:4'
RANLIB='ranlib'
RECORDER_PLUGIN_FALSE='#'
RECORDER_PLUGIN_TRUE=''
SED='/usr/bin/sed'
SET_MAKE=''
SHELL='/bin/sh'
STRIP='strip'
TEST_SUITES_FALSE=''
TEST_SUITES_TRUE='#'
UMC_FALSE='#'
UMC_TRUE=''
UNIMRCP_APR_INCLUDES=' -I/usr/local/apr/include/apr-1 '
UNIMRCP_APR_LIBS=' -L/usr/local/apr/lib -lapr-1 -laprutil-1'
UNIMRCP_CLIENT_APP_FALSE='#'
UNIMRCP_CLIENT_APP_TRUE=''
UNIMRCP_CLIENT_LIB_FALSE='#'
UNIMRCP_CLIENT_LIB_TRUE=''
UNIMRCP_SERVER_APP_FALSE='#'
UNIMRCP_SERVER_APP_TRUE=''
UNIMRCP_SERVER_LIB_FALSE='#'
UNIMRCP_SERVER_LIB_TRUE=''
UNIMRCP_SOFIA_INCLUDES='-I/usr/local/include/sofia-sip-1.12  '
UNIMRCP_SOFIA_LIBS='-L/usr/local/lib -lsofia-sip-ua  '
UNI_DOTTED_VERSION='1.4.0'
UNI_LT_VERSION='-version-info 4:0:4'
VERSION='1.4.0'
ac_aux_dir='build'
ac_ct_AR='ar'
ac_ct_CC='gcc'
ac_ct_CXX='g++'
ac_ct_DUMPBIN=''
ac_macro_dir='build/acmacros'
am__EXEEXT_FALSE=''
am__EXEEXT_TRUE='#'
am__fastdepCC_FALSE='#'
am__fastdepCC_TRUE=''
am__fastdepCXX_FALSE='#'
am__fastdepCXX_TRUE=''
am__include='include'
am__isrc=''
am__leading_dot='.'
am__nodep='_no'
am__quote=''
am__tar='$${TAR-tar} chof - "$$tardir"'
am__untar='$${TAR-tar} xf -'
bindir='${exec_prefix}/bin'
build='x86_64-pc-linux-gnu'
build_alias=''
build_cpu='x86_64'
build_os='linux-gnu'
build_vendor='pc'
datadir='${prefix}/data'
datarootdir='${prefix}/share'
docdir='${datarootdir}/doc/${PACKAGE_TARNAME}'
dvidir='${docdir}'
exec_prefix='${prefix}'
host='x86_64-pc-linux-gnu'
host_alias=''
host_cpu='x86_64'
host_os='linux-gnu'
host_vendor='pc'
htmldir='${docdir}'
includedir='${prefix}/include'
infodir='${datarootdir}/info'
install_sh='${SHELL} /export/App/mrcp/unimrcp/build/install-sh'
libdir='${exec_prefix}/lib'
libexecdir='${exec_prefix}/modules'
localedir='${datarootdir}/locale'
localstatedir='${prefix}'
logdir='${exec_prefix}/log'
mandir='${prefix}/man'
mkdir_p='$(MKDIR_P)'
oldincludedir='/usr/include'
pdfdir='${docdir}'
plugindir='${exec_prefix}/plugin'
prefix='/export/App/mrcp/run_server'
program_transform_name='s,x,x,'
psdir='${docdir}'
sbindir='${exec_prefix}/bin'
sharedstatedir='${prefix}/com'
sysconfdir='${prefix}/conf'
target_alias=''
vardir='${exec_prefix}/var'

configure: exit 0
